{"C:\\Users\\FAMILIA\\Desktop\\site-inspirado-em-servico-de-streaming\\backend\\middlewares\\errorHandler.js": {"path":"C:\\Users\\FAMILIA\\Desktop\\site-inspirado-em-servico-de-streaming\\backend\\middlewares\\errorHandler.js","statementMap":{"0":{"start":{"line":11,"column":17},"end":{"line":11,"column":34}},"1":{"start":{"line":12,"column":18},"end":{"line":12,"column":56}},"2":{"start":{"line":13,"column":15},"end":{"line":13,"column":43}},"3":{"start":{"line":16,"column":2},"end":{"line":25,"column":5}},"4":{"start":{"line":28,"column":2},"end":{"line":33,"column":5}},"5":{"start":{"line":36,"column":0},"end":{"line":36,"column":30}}},"fnMap":{"0":{"name":"errorHandler","decl":{"start":{"line":9,"column":9},"end":{"line":9,"column":21}},"loc":{"start":{"line":9,"column":43},"end":{"line":34,"column":1}},"line":9}},"branchMap":{"0":{"loc":{"start":{"line":11,"column":17},"end":{"line":11,"column":34}},"type":"binary-expr","locations":[{"start":{"line":11,"column":17},"end":{"line":11,"column":27}},{"start":{"line":11,"column":31},"end":{"line":11,"column":34}}],"line":11},"1":{"loc":{"start":{"line":12,"column":18},"end":{"line":12,"column":56}},"type":"binary-expr","locations":[{"start":{"line":12,"column":18},"end":{"line":12,"column":29}},{"start":{"line":12,"column":33},"end":{"line":12,"column":56}}],"line":12},"2":{"loc":{"start":{"line":13,"column":15},"end":{"line":13,"column":43}},"type":"binary-expr","locations":[{"start":{"line":13,"column":15},"end":{"line":13,"column":23}},{"start":{"line":13,"column":27},"end":{"line":13,"column":43}}],"line":13}},"s":{"0":0,"1":0,"2":0,"3":0,"4":0,"5":0},"f":{"0":0},"b":{"0":[0,0],"1":[0,0],"2":[0,0]}}
,"C:\\Users\\FAMILIA\\Desktop\\site-inspirado-em-servico-de-streaming\\backend\\middlewares\\isAdmin.js": {"path":"C:\\Users\\FAMILIA\\Desktop\\site-inspirado-em-servico-de-streaming\\backend\\middlewares\\isAdmin.js","statementMap":{"0":{"start":{"line":1,"column":0},"end":{"line":11,"column":2}},"1":{"start":{"line":2,"column":2},"end":{"line":4,"column":3}},"2":{"start":{"line":3,"column":4},"end":{"line":3,"column":66}},"3":{"start":{"line":6,"column":2},"end":{"line":8,"column":3}},"4":{"start":{"line":7,"column":4},"end":{"line":7,"column":62}},"5":{"start":{"line":10,"column":2},"end":{"line":10,"column":9}}},"fnMap":{"0":{"name":"isAdmin","decl":{"start":{"line":1,"column":26},"end":{"line":1,"column":33}},"loc":{"start":{"line":1,"column":50},"end":{"line":11,"column":1}},"line":1}},"branchMap":{"0":{"loc":{"start":{"line":2,"column":2},"end":{"line":4,"column":3}},"type":"if","locations":[{"start":{"line":2,"column":2},"end":{"line":4,"column":3}},{"start":{},"end":{}}],"line":2},"1":{"loc":{"start":{"line":6,"column":2},"end":{"line":8,"column":3}},"type":"if","locations":[{"start":{"line":6,"column":2},"end":{"line":8,"column":3}},{"start":{},"end":{}}],"line":6}},"s":{"0":1,"1":2,"2":2,"3":0,"4":0,"5":0},"f":{"0":2},"b":{"0":[2,0],"1":[0,0]},"_coverageSchema":"1a1c01bbd47fc00a2c39e90264f33305004495a9","hash":"b1ea0edde06d57b971a4745a5558d7f816954f3d"}
,"C:\\Users\\FAMILIA\\Desktop\\site-inspirado-em-servico-de-streaming\\backend\\routes\\auth.routes.js": {"path":"C:\\Users\\FAMILIA\\Desktop\\site-inspirado-em-servico-de-streaming\\backend\\routes\\auth.routes.js","statementMap":{"0":{"start":{"line":1,"column":16},"end":{"line":1,"column":34}},"1":{"start":{"line":2,"column":15},"end":{"line":2,"column":31}},"2":{"start":{"line":3,"column":26},"end":{"line":3,"column":65}},"3":{"start":{"line":4,"column":17},"end":{"line":4,"column":45}},"4":{"start":{"line":6,"column":19},"end":{"line":9,"column":1}},"5":{"start":{"line":12,"column":0},"end":{"line":56,"column":3}},"6":{"start":{"line":13,"column":2},"end":{"line":55,"column":3}},"7":{"start":{"line":15,"column":29},"end":{"line":15,"column":52}},"8":{"start":{"line":17,"column":4},"end":{"line":25,"column":5}},"9":{"start":{"line":18,"column":23},"end":{"line":18,"column":66}},"10":{"start":{"line":18,"column":51},"end":{"line":18,"column":65}},"11":{"start":{"line":20,"column":6},"end":{"line":24,"column":8}},"12":{"start":{"line":27,"column":35},"end":{"line":27,"column":40}},"13":{"start":{"line":30,"column":4},"end":{"line":39,"column":5}},"14":{"start":{"line":34,"column":6},"end":{"line":38,"column":8}},"15":{"start":{"line":42,"column":4},"end":{"line":45,"column":6}},"16":{"start":{"line":47,"column":4},"end":{"line":51,"column":7}},"17":{"start":{"line":54,"column":4},"end":{"line":54,"column":14}},"18":{"start":{"line":59,"column":0},"end":{"line":78,"column":3}},"19":{"start":{"line":60,"column":2},"end":{"line":77,"column":3}},"20":{"start":{"line":61,"column":4},"end":{"line":74,"column":7}},"21":{"start":{"line":62,"column":6},"end":{"line":68,"column":7}},"22":{"start":{"line":63,"column":8},"end":{"line":67,"column":10}},"23":{"start":{"line":70,"column":6},"end":{"line":73,"column":9}},"24":{"start":{"line":76,"column":4},"end":{"line":76,"column":14}},"25":{"start":{"line":81,"column":0},"end":{"line":98,"column":3}},"26":{"start":{"line":82,"column":2},"end":{"line":97,"column":3}},"27":{"start":{"line":83,"column":4},"end":{"line":89,"column":5}},"28":{"start":{"line":84,"column":6},"end":{"line":88,"column":8}},"29":{"start":{"line":91,"column":4},"end":{"line":94,"column":7}},"30":{"start":{"line":96,"column":4},"end":{"line":96,"column":14}},"31":{"start":{"line":100,"column":0},"end":{"line":100,"column":24}}},"fnMap":{"0":{"name":"(anonymous_0)","decl":{"start":{"line":12,"column":22},"end":{"line":12,"column":23}},"loc":{"start":{"line":12,"column":42},"end":{"line":56,"column":1}},"line":12},"1":{"name":"(anonymous_1)","decl":{"start":{"line":18,"column":41},"end":{"line":18,"column":42}},"loc":{"start":{"line":18,"column":51},"end":{"line":18,"column":65}},"line":18},"2":{"name":"(anonymous_2)","decl":{"start":{"line":59,"column":23},"end":{"line":59,"column":24}},"loc":{"start":{"line":59,"column":43},"end":{"line":78,"column":1}},"line":59},"3":{"name":"(anonymous_3)","decl":{"start":{"line":61,"column":24},"end":{"line":61,"column":25}},"loc":{"start":{"line":61,"column":33},"end":{"line":74,"column":5}},"line":61},"4":{"name":"(anonymous_4)","decl":{"start":{"line":81,"column":18},"end":{"line":81,"column":19}},"loc":{"start":{"line":81,"column":38},"end":{"line":98,"column":1}},"line":81}},"branchMap":{"0":{"loc":{"start":{"line":7,"column":12},"end":{"line":7,"column":49}},"type":"binary-expr","locations":[{"start":{"line":7,"column":12},"end":{"line":7,"column":38}},{"start":{"line":7,"column":42},"end":{"line":7,"column":49}}],"line":7},"1":{"loc":{"start":{"line":8,"column":12},"end":{"line":8,"column":52}},"type":"binary-expr","locations":[{"start":{"line":8,"column":12},"end":{"line":8,"column":38}},{"start":{"line":8,"column":42},"end":{"line":8,"column":52}}],"line":8},"2":{"loc":{"start":{"line":17,"column":4},"end":{"line":25,"column":5}},"type":"if","locations":[{"start":{"line":17,"column":4},"end":{"line":25,"column":5}},{"start":{},"end":{}}],"line":17},"3":{"loc":{"start":{"line":30,"column":4},"end":{"line":39,"column":5}},"type":"if","locations":[{"start":{"line":30,"column":4},"end":{"line":39,"column":5}},{"start":{},"end":{}}],"line":30},"4":{"loc":{"start":{"line":31,"column":6},"end":{"line":32,"column":38}},"type":"binary-expr","locations":[{"start":{"line":31,"column":6},"end":{"line":31,"column":38}},{"start":{"line":32,"column":6},"end":{"line":32,"column":38}}],"line":31},"5":{"loc":{"start":{"line":62,"column":6},"end":{"line":68,"column":7}},"type":"if","locations":[{"start":{"line":62,"column":6},"end":{"line":68,"column":7}},{"start":{},"end":{}}],"line":62},"6":{"loc":{"start":{"line":83,"column":4},"end":{"line":89,"column":5}},"type":"if","locations":[{"start":{"line":83,"column":4},"end":{"line":89,"column":5}},{"start":{},"end":{}}],"line":83}},"s":{"0":2,"1":2,"2":2,"3":2,"4":2,"5":2,"6":4,"7":4,"8":4,"9":1,"10":2,"11":1,"12":3,"13":3,"14":1,"15":2,"16":2,"17":2,"18":2,"19":1,"20":1,"21":1,"22":0,"23":1,"24":0,"25":2,"26":1,"27":1,"28":1,"29":0,"30":1,"31":2},"f":{"0":4,"1":2,"2":1,"3":1,"4":1},"b":{"0":[2,2],"1":[2,2],"2":[1,3],"3":[1,2],"4":[3,3],"5":[0,1],"6":[1,0]},"_coverageSchema":"1a1c01bbd47fc00a2c39e90264f33305004495a9","hash":"cb4ba9dc39cb0ae491a7e1da42e02982b327c3c6"}
,"C:\\Users\\FAMILIA\\Desktop\\site-inspirado-em-servico-de-streaming\\backend\\routes\\catalog.routes.js": {"path":"C:\\Users\\FAMILIA\\Desktop\\site-inspirado-em-servico-de-streaming\\backend\\routes\\catalog.routes.js","statementMap":{"0":{"start":{"line":1,"column":16},"end":{"line":1,"column":34}},"1":{"start":{"line":2,"column":15},"end":{"line":2,"column":31}},"2":{"start":{"line":3,"column":11},"end":{"line":3,"column":24}},"3":{"start":{"line":4,"column":13},"end":{"line":4,"column":28}},"4":{"start":{"line":5,"column":32},"end":{"line":5,"column":71}},"5":{"start":{"line":6,"column":17},"end":{"line":6,"column":45}},"6":{"start":{"line":7,"column":16},"end":{"line":7,"column":49}},"7":{"start":{"line":9,"column":15},"end":{"line":9,"column":59}},"8":{"start":{"line":12,"column":2},"end":{"line":20,"column":3}},"9":{"start":{"line":13,"column":4},"end":{"line":13,"column":56}},"10":{"start":{"line":15,"column":4},"end":{"line":19,"column":6}},"11":{"start":{"line":24,"column":2},"end":{"line":32,"column":3}},"12":{"start":{"line":25,"column":4},"end":{"line":25,"column":60}},"13":{"start":{"line":27,"column":4},"end":{"line":31,"column":6}},"14":{"start":{"line":38,"column":0},"end":{"line":61,"column":3}},"15":{"start":{"line":39,"column":2},"end":{"line":60,"column":3}},"16":{"start":{"line":40,"column":29},"end":{"line":40,"column":38}},"17":{"start":{"line":41,"column":18},"end":{"line":41,"column":26}},"18":{"start":{"line":43,"column":4},"end":{"line":45,"column":5}},"19":{"start":{"line":44,"column":6},"end":{"line":44,"column":59}},"20":{"start":{"line":44,"column":39},"end":{"line":44,"column":57}},"21":{"start":{"line":47,"column":4},"end":{"line":51,"column":5}},"22":{"start":{"line":48,"column":6},"end":{"line":50,"column":8}},"23":{"start":{"line":49,"column":8},"end":{"line":49,"column":63}},"24":{"start":{"line":53,"column":4},"end":{"line":57,"column":7}},"25":{"start":{"line":59,"column":4},"end":{"line":59,"column":14}},"26":{"start":{"line":66,"column":0},"end":{"line":102,"column":3}},"27":{"start":{"line":67,"column":2},"end":{"line":101,"column":3}},"28":{"start":{"line":68,"column":29},"end":{"line":68,"column":58}},"29":{"start":{"line":70,"column":4},"end":{"line":77,"column":5}},"30":{"start":{"line":71,"column":23},"end":{"line":71,"column":66}},"31":{"start":{"line":71,"column":51},"end":{"line":71,"column":65}},"32":{"start":{"line":72,"column":6},"end":{"line":76,"column":8}},"33":{"start":{"line":79,"column":20},"end":{"line":79,"column":28}},"34":{"start":{"line":81,"column":20},"end":{"line":89,"column":5}},"35":{"start":{"line":91,"column":4},"end":{"line":91,"column":26}},"36":{"start":{"line":92,"column":4},"end":{"line":92,"column":20}},"37":{"start":{"line":94,"column":4},"end":{"line":98,"column":7}},"38":{"start":{"line":100,"column":4},"end":{"line":100,"column":14}},"39":{"start":{"line":107,"column":0},"end":{"line":148,"column":3}},"40":{"start":{"line":108,"column":2},"end":{"line":147,"column":3}},"41":{"start":{"line":109,"column":29},"end":{"line":109,"column":58}},"42":{"start":{"line":111,"column":4},"end":{"line":118,"column":5}},"43":{"start":{"line":112,"column":23},"end":{"line":112,"column":66}},"44":{"start":{"line":112,"column":51},"end":{"line":112,"column":65}},"45":{"start":{"line":113,"column":6},"end":{"line":117,"column":8}},"46":{"start":{"line":120,"column":20},"end":{"line":120,"column":28}},"47":{"start":{"line":121,"column":17},"end":{"line":121,"column":57}},"48":{"start":{"line":121,"column":35},"end":{"line":121,"column":56}},"49":{"start":{"line":123,"column":4},"end":{"line":129,"column":5}},"50":{"start":{"line":124,"column":6},"end":{"line":128,"column":8}},"51":{"start":{"line":131,"column":4},"end":{"line":131,"column":29}},"52":{"start":{"line":132,"column":4},"end":{"line":132,"column":27}},"53":{"start":{"line":133,"column":4},"end":{"line":133,"column":29}},"54":{"start":{"line":134,"column":4},"end":{"line":134,"column":35}},"55":{"start":{"line":135,"column":4},"end":{"line":135,"column":43}},"56":{"start":{"line":136,"column":4},"end":{"line":136,"column":46}},"57":{"start":{"line":138,"column":4},"end":{"line":138,"column":20}},"58":{"start":{"line":140,"column":4},"end":{"line":144,"column":7}},"59":{"start":{"line":146,"column":4},"end":{"line":146,"column":14}},"60":{"start":{"line":153,"column":0},"end":{"line":177,"column":3}},"61":{"start":{"line":154,"column":2},"end":{"line":176,"column":3}},"62":{"start":{"line":155,"column":20},"end":{"line":155,"column":28}},"63":{"start":{"line":156,"column":18},"end":{"line":156,"column":63}},"64":{"start":{"line":156,"column":41},"end":{"line":156,"column":62}},"65":{"start":{"line":158,"column":4},"end":{"line":164,"column":5}},"66":{"start":{"line":159,"column":6},"end":{"line":163,"column":8}},"67":{"start":{"line":166,"column":24},"end":{"line":166,"column":48}},"68":{"start":{"line":167,"column":4},"end":{"line":167,"column":20}},"69":{"start":{"line":169,"column":4},"end":{"line":173,"column":7}},"70":{"start":{"line":175,"column":4},"end":{"line":175,"column":14}},"71":{"start":{"line":179,"column":0},"end":{"line":179,"column":24}}},"fnMap":{"0":{"name":"readDB","decl":{"start":{"line":11,"column":9},"end":{"line":11,"column":15}},"loc":{"start":{"line":11,"column":18},"end":{"line":21,"column":1}},"line":11},"1":{"name":"saveDB","decl":{"start":{"line":23,"column":9},"end":{"line":23,"column":15}},"loc":{"start":{"line":23,"column":22},"end":{"line":33,"column":1}},"line":23},"2":{"name":"(anonymous_2)","decl":{"start":{"line":38,"column":16},"end":{"line":38,"column":17}},"loc":{"start":{"line":38,"column":36},"end":{"line":61,"column":1}},"line":38},"3":{"name":"(anonymous_3)","decl":{"start":{"line":44,"column":31},"end":{"line":44,"column":32}},"loc":{"start":{"line":44,"column":39},"end":{"line":44,"column":57}},"line":44},"4":{"name":"(anonymous_4)","decl":{"start":{"line":48,"column":31},"end":{"line":48,"column":32}},"loc":{"start":{"line":49,"column":8},"end":{"line":49,"column":63}},"line":49},"5":{"name":"(anonymous_5)","decl":{"start":{"line":66,"column":26},"end":{"line":66,"column":27}},"loc":{"start":{"line":66,"column":46},"end":{"line":102,"column":1}},"line":66},"6":{"name":"(anonymous_6)","decl":{"start":{"line":71,"column":41},"end":{"line":71,"column":42}},"loc":{"start":{"line":71,"column":51},"end":{"line":71,"column":65}},"line":71},"7":{"name":"(anonymous_7)","decl":{"start":{"line":107,"column":28},"end":{"line":107,"column":29}},"loc":{"start":{"line":107,"column":48},"end":{"line":148,"column":1}},"line":107},"8":{"name":"(anonymous_8)","decl":{"start":{"line":112,"column":41},"end":{"line":112,"column":42}},"loc":{"start":{"line":112,"column":51},"end":{"line":112,"column":65}},"line":112},"9":{"name":"(anonymous_9)","decl":{"start":{"line":121,"column":30},"end":{"line":121,"column":31}},"loc":{"start":{"line":121,"column":35},"end":{"line":121,"column":56}},"line":121},"10":{"name":"(anonymous_10)","decl":{"start":{"line":153,"column":31},"end":{"line":153,"column":32}},"loc":{"start":{"line":153,"column":51},"end":{"line":177,"column":1}},"line":153},"11":{"name":"(anonymous_11)","decl":{"start":{"line":156,"column":36},"end":{"line":156,"column":37}},"loc":{"start":{"line":156,"column":41},"end":{"line":156,"column":62}},"line":156}},"branchMap":{"0":{"loc":{"start":{"line":43,"column":4},"end":{"line":45,"column":5}},"type":"if","locations":[{"start":{"line":43,"column":4},"end":{"line":45,"column":5}},{"start":{},"end":{}}],"line":43},"1":{"loc":{"start":{"line":43,"column":8},"end":{"line":43,"column":30}},"type":"binary-expr","locations":[{"start":{"line":43,"column":8},"end":{"line":43,"column":12}},{"start":{"line":43,"column":16},"end":{"line":43,"column":30}}],"line":43},"2":{"loc":{"start":{"line":47,"column":4},"end":{"line":51,"column":5}},"type":"if","locations":[{"start":{"line":47,"column":4},"end":{"line":51,"column":5}},{"start":{},"end":{}}],"line":47},"3":{"loc":{"start":{"line":70,"column":4},"end":{"line":77,"column":5}},"type":"if","locations":[{"start":{"line":70,"column":4},"end":{"line":77,"column":5}},{"start":{},"end":{}}],"line":70},"4":{"loc":{"start":{"line":87,"column":17},"end":{"line":87,"column":38}},"type":"binary-expr","locations":[{"start":{"line":87,"column":17},"end":{"line":87,"column":32}},{"start":{"line":87,"column":36},"end":{"line":87,"column":38}}],"line":87},"5":{"loc":{"start":{"line":111,"column":4},"end":{"line":118,"column":5}},"type":"if","locations":[{"start":{"line":111,"column":4},"end":{"line":118,"column":5}},{"start":{},"end":{}}],"line":111},"6":{"loc":{"start":{"line":123,"column":4},"end":{"line":129,"column":5}},"type":"if","locations":[{"start":{"line":123,"column":4},"end":{"line":129,"column":5}},{"start":{},"end":{}}],"line":123},"7":{"loc":{"start":{"line":135,"column":21},"end":{"line":135,"column":42}},"type":"binary-expr","locations":[{"start":{"line":135,"column":21},"end":{"line":135,"column":36}},{"start":{"line":135,"column":40},"end":{"line":135,"column":42}}],"line":135},"8":{"loc":{"start":{"line":158,"column":4},"end":{"line":164,"column":5}},"type":"if","locations":[{"start":{"line":158,"column":4},"end":{"line":164,"column":5}},{"start":{},"end":{}}],"line":158}},"s":{"0":1,"1":1,"2":1,"3":1,"4":1,"5":1,"6":1,"7":1,"8":3,"9":3,"10":0,"11":0,"12":0,"13":0,"14":1,"15":3,"16":3,"17":3,"18":3,"19":1,"20":15,"21":3,"22":1,"23":15,"24":3,"25":0,"26":1,"27":0,"28":0,"29":0,"30":0,"31":0,"32":0,"33":0,"34":0,"35":0,"36":0,"37":0,"38":0,"39":1,"40":0,"41":0,"42":0,"43":0,"44":0,"45":0,"46":0,"47":0,"48":0,"49":0,"50":0,"51":0,"52":0,"53":0,"54":0,"55":0,"56":0,"57":0,"58":0,"59":0,"60":1,"61":0,"62":0,"63":0,"64":0,"65":0,"66":0,"67":0,"68":0,"69":0,"70":0,"71":1},"f":{"0":3,"1":0,"2":3,"3":15,"4":15,"5":0,"6":0,"7":0,"8":0,"9":0,"10":0,"11":0},"b":{"0":[1,2],"1":[3,1],"2":[1,2],"3":[0,0],"4":[0,0],"5":[0,0],"6":[0,0],"7":[0,0],"8":[0,0]},"_coverageSchema":"1a1c01bbd47fc00a2c39e90264f33305004495a9","hash":"05954c40c0dc0258b30817e38201084756aac5a5"}
,"C:\\Users\\FAMILIA\\Desktop\\site-inspirado-em-servico-de-streaming\\backend\\utils\\AppError.js": {"path":"C:\\Users\\FAMILIA\\Desktop\\site-inspirado-em-servico-de-streaming\\backend\\utils\\AppError.js","statementMap":{"0":{"start":{"line":10,"column":4},"end":{"line":10,"column":19}},"1":{"start":{"line":11,"column":4},"end":{"line":11,"column":25}},"2":{"start":{"line":12,"column":4},"end":{"line":12,"column":21}},"3":{"start":{"line":13,"column":4},"end":{"line":13,"column":46}},"4":{"start":{"line":17,"column":0},"end":{"line":17,"column":26}}},"fnMap":{"0":{"name":"(anonymous_0)","decl":{"start":{"line":9,"column":2},"end":{"line":9,"column":3}},"loc":{"start":{"line":9,"column":62},"end":{"line":14,"column":3}},"line":9}},"branchMap":{"0":{"loc":{"start":{"line":9,"column":23},"end":{"line":9,"column":35}},"type":"default-arg","locations":[{"start":{"line":9,"column":32},"end":{"line":9,"column":35}}],"line":9},"1":{"loc":{"start":{"line":9,"column":37},"end":{"line":9,"column":60}},"type":"default-arg","locations":[{"start":{"line":9,"column":44},"end":{"line":9,"column":60}}],"line":9}},"s":{"0":7,"1":7,"2":7,"3":7,"4":3},"f":{"0":7},"b":{"0":[3],"1":[3]},"_coverageSchema":"1a1c01bbd47fc00a2c39e90264f33305004495a9","hash":"cf352580e350c07b7e32229f6e4dcfb9e0ed23aa"}
,"C:\\Users\\FAMILIA\\Desktop\\site-inspirado-em-servico-de-streaming\\backend\\validators\\auth.validator.js": {"path":"C:\\Users\\FAMILIA\\Desktop\\site-inspirado-em-servico-de-streaming\\backend\\validators\\auth.validator.js","statementMap":{"0":{"start":{"line":1,"column":12},"end":{"line":1,"column":26}},"1":{"start":{"line":10,"column":20},"end":{"line":32,"column":2}},"2":{"start":{"line":44,"column":26},"end":{"line":84,"column":2}},"3":{"start":{"line":88,"column":2},"end":{"line":88,"column":59}},"4":{"start":{"line":93,"column":2},"end":{"line":93,"column":65}},"5":{"start":{"line":96,"column":0},"end":{"line":99,"column":2}}},"fnMap":{"0":{"name":"validateLogin","decl":{"start":{"line":87,"column":9},"end":{"line":87,"column":22}},"loc":{"start":{"line":87,"column":29},"end":{"line":89,"column":1}},"line":87},"1":{"name":"validateCreateMovie","decl":{"start":{"line":92,"column":9},"end":{"line":92,"column":28}},"loc":{"start":{"line":92,"column":35},"end":{"line":94,"column":1}},"line":92}},"branchMap":{},"s":{"0":3,"1":3,"2":3,"3":10,"4":6,"5":3},"f":{"0":10,"1":6},"b":{},"_coverageSchema":"1a1c01bbd47fc00a2c39e90264f33305004495a9","hash":"b7b400a279834dfc6b0a562d8502eb932ed3844e"}
}
