TN:
SF:backend\middlewares\errorHandler.js
FN:9,errorHandler
FNF:1
FNH:0
FNDA:0,errorHandler
DA:11,0
DA:12,0
DA:13,0
DA:16,0
DA:28,0
DA:36,0
LF:6
LH:0
BRDA:11,0,0,0
BRDA:11,0,1,0
BRDA:12,1,0,0
BRDA:12,1,1,0
BRDA:13,2,0,0
BRDA:13,2,1,0
BRF:6
BRH:0
end_of_record
TN:
SF:backend\middlewares\isAdmin.js
FN:1,isAdmin
FNF:1
FNH:1
FNDA:2,isAdmin
DA:1,1
DA:2,2
DA:3,2
DA:6,0
DA:7,0
DA:10,0
LF:6
LH:3
BRDA:2,0,0,2
BRDA:2,0,1,0
BRDA:6,1,0,0
BRDA:6,1,1,0
BRF:4
BRH:1
end_of_record
TN:
SF:backend\routes\auth.routes.js
FN:12,(anonymous_0)
FN:18,(anonymous_1)
FN:59,(anonymous_2)
FN:61,(anonymous_3)
FN:81,(anonymous_4)
FNF:5
FNH:5
FNDA:4,(anonymous_0)
FNDA:2,(anonymous_1)
FNDA:1,(anonymous_2)
FNDA:1,(anonymous_3)
FNDA:1,(anonymous_4)
DA:1,2
DA:2,2
DA:3,2
DA:4,2
DA:6,2
DA:12,2
DA:13,4
DA:15,4
DA:17,4
DA:18,2
DA:20,1
DA:27,3
DA:30,3
DA:34,1
DA:42,2
DA:47,2
DA:54,2
DA:59,2
DA:60,1
DA:61,1
DA:62,1
DA:63,0
DA:70,1
DA:76,0
DA:81,2
DA:82,1
DA:83,1
DA:84,1
DA:91,0
DA:96,1
DA:100,2
LF:31
LH:28
BRDA:7,0,0,2
BRDA:7,0,1,2
BRDA:8,1,0,2
BRDA:8,1,1,2
BRDA:17,2,0,1
BRDA:17,2,1,3
BRDA:30,3,0,1
BRDA:30,3,1,2
BRDA:31,4,0,3
BRDA:31,4,1,3
BRDA:62,5,0,0
BRDA:62,5,1,1
BRDA:83,6,0,1
BRDA:83,6,1,0
BRF:14
BRH:12
end_of_record
TN:
SF:backend\routes\catalog.routes.js
FN:11,readDB
FN:23,saveDB
FN:38,(anonymous_2)
FN:44,(anonymous_3)
FN:48,(anonymous_4)
FN:66,(anonymous_5)
FN:71,(anonymous_6)
FN:107,(anonymous_7)
FN:112,(anonymous_8)
FN:121,(anonymous_9)
FN:153,(anonymous_10)
FN:156,(anonymous_11)
FNF:12
FNH:4
FNDA:3,readDB
FNDA:0,saveDB
FNDA:3,(anonymous_2)
FNDA:15,(anonymous_3)
FNDA:15,(anonymous_4)
FNDA:0,(anonymous_5)
FNDA:0,(anonymous_6)
FNDA:0,(anonymous_7)
FNDA:0,(anonymous_8)
FNDA:0,(anonymous_9)
FNDA:0,(anonymous_10)
FNDA:0,(anonymous_11)
DA:1,1
DA:2,1
DA:3,1
DA:4,1
DA:5,1
DA:6,1
DA:7,1
DA:9,1
DA:12,3
DA:13,3
DA:15,0
DA:24,0
DA:25,0
DA:27,0
DA:38,1
DA:39,3
DA:40,3
DA:41,3
DA:43,3
DA:44,15
DA:47,3
DA:48,1
DA:49,15
DA:53,3
DA:59,0
DA:66,1
DA:67,0
DA:68,0
DA:70,0
DA:71,0
DA:72,0
DA:79,0
DA:81,0
DA:91,0
DA:92,0
DA:94,0
DA:100,0
DA:107,1
DA:108,0
DA:109,0
DA:111,0
DA:112,0
DA:113,0
DA:120,0
DA:121,0
DA:123,0
DA:124,0
DA:131,0
DA:132,0
DA:133,0
DA:134,0
DA:135,0
DA:136,0
DA:138,0
DA:140,0
DA:146,0
DA:153,1
DA:154,0
DA:155,0
DA:156,0
DA:158,0
DA:159,0
DA:166,0
DA:167,0
DA:169,0
DA:175,0
DA:179,1
LF:67
LH:24
BRDA:43,0,0,1
BRDA:43,0,1,2
BRDA:43,1,0,3
BRDA:43,1,1,1
BRDA:47,2,0,1
BRDA:47,2,1,2
BRDA:70,3,0,0
BRDA:70,3,1,0
BRDA:87,4,0,0
BRDA:87,4,1,0
BRDA:111,5,0,0
BRDA:111,5,1,0
BRDA:123,6,0,0
BRDA:123,6,1,0
BRDA:135,7,0,0
BRDA:135,7,1,0
BRDA:158,8,0,0
BRDA:158,8,1,0
BRF:18
BRH:6
end_of_record
TN:
SF:backend\utils\AppError.js
FN:9,(anonymous_0)
FNF:1
FNH:1
FNDA:7,(anonymous_0)
DA:10,7
DA:11,7
DA:12,7
DA:13,7
DA:17,3
LF:5
LH:5
BRDA:9,0,0,3
BRDA:9,1,0,3
BRF:2
BRH:2
end_of_record
TN:
SF:backend\validators\auth.validator.js
FN:87,validateLogin
FN:92,validateCreateMovie
FNF:2
FNH:2
FNDA:10,validateLogin
FNDA:6,validateCreateMovie
DA:1,3
DA:10,3
DA:44,3
DA:88,10
DA:93,6
DA:96,3
LF:6
LH:6
BRF:0
BRH:0
end_of_record
